{"/Users/johnblanche/Documents/class-master/00-administrative-and-reviews/02-reviews/2019-05-01/deploy-heroku/db/seeds.js": {"path":"/Users/johnblanche/Documents/class-master/00-administrative-and-reviews/02-reviews/2019-05-01/deploy-heroku/db/seeds.js","statementMap":{"0":{"start":{"line":1,"column":9},"end":{"line":1,"column":29}},"1":{"start":{"line":3,"column":18},"end":{"line":12,"column":2}},"2":{"start":{"line":14,"column":16},"end":{"line":38,"column":2}},"3":{"start":{"line":41,"column":27},"end":{"line":41,"column":29}},"4":{"start":{"line":42,"column":4},"end":{"line":44,"column":7}},"5":{"start":{"line":43,"column":8},"end":{"line":43,"column":50}},"6":{"start":{"line":45,"column":4},"end":{"line":45,"column":40}},"7":{"start":{"line":48,"column":0},"end":{"line":59,"column":1}},"8":{"start":{"line":50,"column":22},"end":{"line":50,"column":24}},"9":{"start":{"line":51,"column":4},"end":{"line":51,"column":57}},"10":{"start":{"line":52,"column":4},"end":{"line":52,"column":53}},"11":{"start":{"line":53,"column":4},"end":{"line":58,"column":7}},"12":{"start":{"line":54,"column":8},"end":{"line":54,"column":42}},"13":{"start":{"line":55,"column":8},"end":{"line":57,"column":9}}},"fnMap":{"0":{"name":"createData","decl":{"start":{"line":40,"column":9},"end":{"line":40,"column":19}},"loc":{"start":{"line":40,"column":34},"end":{"line":46,"column":1}},"line":40},"1":{"name":"(anonymous_1)","decl":{"start":{"line":42,"column":18},"end":{"line":42,"column":19}},"loc":{"start":{"line":42,"column":34},"end":{"line":44,"column":5}},"line":42},"2":{"name":"(anonymous_2)","decl":{"start":{"line":48,"column":17},"end":{"line":48,"column":18}},"loc":{"start":{"line":48,"column":29},"end":{"line":59,"column":1}},"line":48},"3":{"name":"(anonymous_3)","decl":{"start":{"line":53,"column":41},"end":{"line":53,"column":42}},"loc":{"start":{"line":53,"column":53},"end":{"line":58,"column":5}},"line":53}},"branchMap":{},"s":{"0":1,"1":1,"2":1,"3":2,"4":2,"5":9,"6":2,"7":1,"8":1,"9":1,"10":1,"11":1,"12":1,"13":1},"f":{"0":2,"1":9,"2":1,"3":1},"b":{},"_coverageSchema":"43e27e138ebf9cfc5966b082cf9a028302ed4184","hash":"e4b87b104bef3572a695f00380cb62565b52fd59"}
}
